Probability of fire spreading, Average percent burned, Iterations
0.000000        0.000000        2.000000
0.010000        0.000000        2.000000
0.020000        0.000128        2.051200
0.030000        0.000136        2.054400
0.040000        0.000882        2.328000
0.050000        0.000445        2.177600
0.060000        0.000128        2.051200
0.070000        0.000718        2.286400
0.080000        0.001267        2.454400
0.090000        0.001095        2.436800
0.100000        0.000650        2.259200
0.110000        0.002145        2.828800
0.120000        0.002446        2.924800
0.130000        0.003517        2.993600
0.140000        0.001540        2.563200
0.150000        0.001833        2.553600
0.160000        0.001307        2.467200
0.170000        0.002137        2.726400
0.180000        0.004263        3.329600
0.190000        0.005454        3.574400
0.200000        0.003934        3.150400
0.210000        0.003705        3.048000
0.220000        0.005173        3.467200
0.230000        0.004219        3.232000
0.240000        0.008160        4.048000
0.250000        0.009712        4.444800
0.260000        0.009159        4.417600
0.270000        0.008036        3.888000
0.280000        0.014115        5.366400
0.290000        0.027104        6.977600
0.300000        0.017432        5.780800
0.310000        0.021101        6.132800
0.320000        0.024357        6.651200
0.330000        0.022917        6.318400
0.340000        0.025985        7.360000
0.350000        0.027489        6.827200
0.360000        0.045281        9.553600
0.370000        0.042462        8.875200
0.380000        0.059012        10.003200
0.390000        0.032064        7.086400
0.400000        0.073748        11.988800
0.410000        0.092796        14.540800
0.420000        0.115673        14.310400
0.430000        0.086103        11.536000
0.440000        0.126440        16.448000
0.450000        0.157113        17.600000
0.460000        0.143575        15.270400
0.470000        0.245506        20.808000
0.480000        0.289841        23.660800
0.490000        0.396002        29.102400
0.500000        0.454761        30.323200
0.510000        0.440116        29.224000
0.520000        0.462865        28.732800
0.530000        0.502857        29.894400
0.540000        0.600473        32.305600
0.550000        0.713869        32.097600
0.560000        0.663214        30.948800
0.570000        0.751350        32.107200
0.580000        0.790115        29.449600
0.590000        0.817484        30.584000
0.600000        0.836038        30.700800
0.610000        0.885875        28.451200
0.620000        0.819088        27.860800
0.630000        0.885269        27.427200
0.640000        0.890863        25.651200
0.650000        0.942605        27.193600
0.660000        0.956523        26.633600
0.670000        0.961247        26.292800
0.680000        0.966540        25.603200
0.690000        0.974236        26.089600
0.700000        0.943062        24.232000
0.710000        0.948976        23.334400
0.720000        0.978895        23.793600
0.730000        0.935759        22.124800
0.740000        0.963352        23.080000
0.750000        0.989045        23.184000
0.760000        0.991691        22.902400
0.770000        0.968060        22.499200
0.780000        0.991443        23.006400
0.790000        0.995072        22.729600
0.800000        0.995517        22.852800
0.810000        0.996022        22.280000
0.820000        0.996347        22.291200
0.830000        0.996672        22.156800
0.840000        0.997863        22.249600
0.850000        0.998596        22.129600
0.860000        0.998845        22.238400
0.870000        0.998625        22.156800
0.880000        0.999555        22.024000
0.890000        0.999018        22.054400
0.900000        0.999820        22.024000
0.910000        0.999390        22.099200
0.920000        0.999804        22.027200
0.930000        0.999872        22.078400
0.940000        1.000000        22.054400
0.950000        0.999864        22.000000
0.960000        0.999932        22.048000
0.970000        1.000000        22.000000
0.980000        1.000000        22.000000
0.990000        1.000000        22.000000
1.000000        1.000000        22.000000
Total simulation time: 0.200977